<?xml version="1.0" encoding="UTF-8"?>
<testsuite xmlns:xsi="http://www.w3.org/2001/XMLSchema-instance" xsi:noNamespaceSchemaLocation="https://maven.apache.org/surefire/maven-surefire-plugin/xsd/surefire-test-report-3.0.xsd" version="3.0" name="com.nhnacademy.hashmap.impl.MyHashMapTest" time="0.042" tests="9" errors="0" skipped="0" failures="0">
  <properties>
[...]
</properties>
  <testcase name="containsValue" classname="com.nhnacademy.hashmap.impl.MyHashMapTest" time="0.016"/>
  <testcase name="remove" classname="com.nhnacademy.hashmap.impl.MyHashMapTest" time="0.001"/>
  <testcase name="put" classname="com.nhnacademy.hashmap.impl.MyHashMapTest" time="0.001"/>
  <testcase name="get1" classname="com.nhnacademy.hashmap.impl.MyHashMapTest" time="0.002"/>
  <testcase name="get2" classname="com.nhnacademy.hashmap.impl.MyHashMapTest" time="0.001"/>
  <testcase name="size" classname="com.nhnacademy.hashmap.impl.MyHashMapTest" time="0.0"/>
  <testcase name="clear" classname="com.nhnacademy.hashmap.impl.MyHashMapTest" time="0.001"/>
  <testcase name="containsKey" classname="com.nhnacademy.hashmap.impl.MyHashMapTest" time="0.001"/>
  <testcase name="isEmpty" classname="com.nhnacademy.hashmap.impl.MyHashMapTest" time="0.001"/>
</testsuite>